[2010/05/17 06:14:12] called backup, postId is 239
[2010/05/17 06:14:13] has resourceId document:0AWBNKGEbm80mYWc1d3g1anR6Y3IyXzYzMGhwNmhmYmZi
[2010/05/17 06:14:14] exists document, etag is &quot;UEcVFBpITit7ImBr&quot;
[2010/05/17 06:14:14] document:0AWBNKGEbm80mYWc1d3g1anR6Y3IyXzYzMGhwNmhmYmZi will update backup
[2010/05/17 06:14:16] update backup done document:0AWBNKGEbm80mYWc1d3g1anR6Y3IyXzYzMGhwNmhmYmZi
[2010/05/17 06:14:25] called backup, postId is 239
[2010/05/17 06:14:26] has resourceId document:0AWBNKGEbm80mYWc1d3g1anR6Y3IyXzYzMGhwNmhmYmZi
[2010/05/17 06:14:27] exists document, etag is &quot;UEcVFBpITit7ImBr&quot;
[2010/05/17 06:14:27] document:0AWBNKGEbm80mYWc1d3g1anR6Y3IyXzYzMGhwNmhmYmZi will update backup
[2010/05/17 06:14:29] update backup done document:0AWBNKGEbm80mYWc1d3g1anR6Y3IyXzYzMGhwNmhmYmZi
[2010/05/17 06:15:12] called backup, postId is 239
[2010/05/17 06:15:14] has resourceId document:0AWBNKGEbm80mYWc1d3g1anR6Y3IyXzYzMGhwNmhmYmZi
[2010/05/17 06:15:15] exists document, etag is &quot;UEcVFBpITit7ImBr&quot;
[2010/05/17 06:15:15] document:0AWBNKGEbm80mYWc1d3g1anR6Y3IyXzYzMGhwNmhmYmZi will update backup
[2010/05/17 06:15:16] update backup done document:0AWBNKGEbm80mYWc1d3g1anR6Y3IyXzYzMGhwNmhmYmZi
[2010/05/17 06:15:19] called backup, postId is 239
[2010/05/17 06:15:20] has resourceId document:0AWBNKGEbm80mYWc1d3g1anR6Y3IyXzYzMGhwNmhmYmZi
[2010/05/17 06:15:21] exists document, etag is &quot;UEcVFBpITit7ImBr&quot;
[2010/05/17 06:15:21] document:0AWBNKGEbm80mYWc1d3g1anR6Y3IyXzYzMGhwNmhmYmZi will update backup
[2010/05/17 06:15:23] update backup done document:0AWBNKGEbm80mYWc1d3g1anR6Y3IyXzYzMGhwNmhmYmZi
[2010/05/17 06:15:48] called backup, postId is 239
[2010/05/17 06:15:49] has resourceId document:0AWBNKGEbm80mYWc1d3g1anR6Y3IyXzYzMGhwNmhmYmZi
[2010/05/17 06:15:50] but deleted..
[2010/05/17 06:15:50] will new backup
[2010/05/17 06:15:50] --END_OF_PART
Content-Type: application/atom+xml

<?xml version='1.0' encoding='UTF-8'?>
<entry xmlns="http://www.w3.org/2005/Atom" xmlns:docs="http://schemas.google.com/docs/2007">
  <category scheme="http://schemas.google.com/g/2005#kind" term="http://schemas.google.com/docs/2007#document"/>
  <title>TEST</title>
  <docs:writersCanInvite value="false" />
</entry>
--END_OF_PART
Content-Type: text/html

HOGEaaasss
--END_OF_PART--

[2010/05/17 06:16:00] new backup done document:0AWBNKGEbm80mYWc1d3g1anR6Y3IyXzYzM2NrbW1yZ2Nz
